17:54:55.726 [main] INFO  o.o.pax.exam.spi.DefaultExamSystem - Pax Exam System (Version: 4.9.1) created.
17:54:55.754 [main] INFO  o.o.pax.exam.junit.impl.ProbeRunner - creating PaxExam runner for class ch.sourcepond.utils.bci.WeavingHookTest
17:54:55.889 [main] INFO  o.o.pax.exam.junit.impl.ProbeRunner - running test class ch.sourcepond.utils.bci.WeavingHookTest
17:54:57.681 [FelixDispatchQueue] ERROR o.o.p.e.n.i.NativeTestContainer - Framework ERROR event org.osgi.framework.FrameworkEvent[source=BuildByTinyBundles857268bf-6c17-4b93-9918-e11b6476cb89 [21]]
org.osgi.framework.BundleException: Unable to resolve BuildByTinyBundles857268bf-6c17-4b93-9918-e11b6476cb89 [21](R 21.0): missing requirement [BuildByTinyBundles857268bf-6c17-4b93-9918-e11b6476cb89 [21](R 21.0)] osgi.wiring.package; (osgi.wiring.package=ch.sourcepond.utils.bci.testservice) Unresolved requirements: [[BuildByTinyBundles857268bf-6c17-4b93-9918-e11b6476cb89 [21](R 21.0)] osgi.wiring.package; (osgi.wiring.package=ch.sourcepond.utils.bci.testservice)]
	at org.apache.felix.framework.Felix.resolveBundleRevision(Felix.java:4112)
	at org.apache.felix.framework.Felix.startBundle(Felix.java:2118)
	at org.apache.felix.framework.Felix.setActiveStartLevel(Felix.java:1372)
	at org.apache.felix.framework.FrameworkStartLevelImpl.run(FrameworkStartLevelImpl.java:308)
	at java.lang.Thread.run(Thread.java:745)
17:54:57.683 [main] ERROR o.o.p.e.n.i.NativeTestContainer - Bundle [BuildByTinyBundles857268bf-6c17-4b93-9918-e11b6476cb89 [21]] is not resolved
17:54:57.686 [main] INFO  o.o.p.e.spi.reactors.ReactorManager - suite finished
17:56:24.924 [main] INFO  o.o.pax.exam.spi.DefaultExamSystem - Pax Exam System (Version: 4.9.1) created.
17:56:24.954 [main] INFO  o.o.pax.exam.junit.impl.ProbeRunner - creating PaxExam runner for class ch.sourcepond.utils.bci.WeavingHookTest
17:56:25.087 [main] INFO  o.o.pax.exam.junit.impl.ProbeRunner - running test class ch.sourcepond.utils.bci.WeavingHookTest
17:56:37.005 [main] INFO  o.o.p.e.spi.reactors.ReactorManager - suite finished
18:32:45.625 [main] INFO  o.o.pax.exam.spi.DefaultExamSystem - Pax Exam System (Version: 4.9.1) created.
18:32:45.667 [main] INFO  o.o.pax.exam.junit.impl.ProbeRunner - creating PaxExam runner for class ch.sourcepond.utils.bci.WeavingHookTest
18:32:45.884 [main] INFO  o.o.pax.exam.junit.impl.ProbeRunner - running test class ch.sourcepond.utils.bci.WeavingHookTest
18:38:00.838 [main] INFO  o.o.pax.exam.spi.DefaultExamSystem - Pax Exam System (Version: 4.9.1) created.
18:38:00.876 [main] INFO  o.o.pax.exam.junit.impl.ProbeRunner - creating PaxExam runner for class ch.sourcepond.utils.bci.WeavingHookTest
18:38:01.055 [main] INFO  o.o.pax.exam.junit.impl.ProbeRunner - running test class ch.sourcepond.utils.bci.WeavingHookTest
18:40:20.738 [main] INFO  o.o.pax.exam.spi.DefaultExamSystem - Pax Exam System (Version: 4.9.1) created.
18:40:20.776 [main] INFO  o.o.pax.exam.junit.impl.ProbeRunner - creating PaxExam runner for class ch.sourcepond.utils.bci.WeavingHookTest
18:40:20.977 [main] INFO  o.o.pax.exam.junit.impl.ProbeRunner - running test class ch.sourcepond.utils.bci.WeavingHookTest
10:00:12.582 [main] INFO  o.o.pax.exam.spi.DefaultExamSystem - Pax Exam System (Version: 4.9.1) created.
10:00:12.620 [main] INFO  o.o.pax.exam.junit.impl.ProbeRunner - creating PaxExam runner for class ch.sourcepond.utils.bci.WeavingHookTest
10:01:17.563 [main] INFO  o.o.pax.exam.spi.DefaultExamSystem - Pax Exam System (Version: 4.9.1) created.
10:01:17.596 [main] INFO  o.o.pax.exam.junit.impl.ProbeRunner - creating PaxExam runner for class ch.sourcepond.utils.bci.WeavingHookTest
10:04:05.222 [main] INFO  o.o.pax.exam.spi.DefaultExamSystem - Pax Exam System (Version: 4.9.1) created.
10:04:05.251 [main] INFO  o.o.pax.exam.junit.impl.ProbeRunner - creating PaxExam runner for class ch.sourcepond.utils.bci.WeavingHookTest
10:05:14.939 [main] INFO  o.o.pax.exam.spi.DefaultExamSystem - Pax Exam System (Version: 4.9.1) created.
10:05:14.980 [main] INFO  o.o.pax.exam.junit.impl.ProbeRunner - creating PaxExam runner for class ch.sourcepond.utils.bci.WeavingHookTest
10:05:15.189 [main] INFO  o.o.pax.exam.junit.impl.ProbeRunner - running test class ch.sourcepond.utils.bci.WeavingHookTest
10:05:27.531 [main] INFO  o.o.p.e.spi.reactors.ReactorManager - suite finished
10:07:01.638 [main] INFO  o.o.pax.exam.spi.DefaultExamSystem - Pax Exam System (Version: 4.9.1) created.
10:07:01.679 [main] INFO  o.o.pax.exam.junit.impl.ProbeRunner - creating PaxExam runner for class ch.sourcepond.utils.bci.WeavingHookTest
10:07:01.888 [main] INFO  o.o.pax.exam.junit.impl.ProbeRunner - running test class ch.sourcepond.utils.bci.WeavingHookTest
10:07:04.155 [main] INFO  o.o.p.e.spi.reactors.ReactorManager - suite finished
10:12:05.479 [main] INFO  o.o.pax.exam.spi.DefaultExamSystem - Pax Exam System (Version: 4.9.1) created.
10:12:05.519 [main] INFO  o.o.pax.exam.junit.impl.ProbeRunner - creating PaxExam runner for class ch.sourcepond.utils.bci.WeavingHookTest
10:12:05.567 [main] INFO  o.o.pax.exam.junit.impl.ProbeRunner - running test class ch.sourcepond.utils.bci.WeavingHookTest
10:12:07.889 [main] INFO  o.o.p.e.spi.reactors.ReactorManager - suite finished
10:15:09.115 [main] INFO  o.o.pax.exam.spi.DefaultExamSystem - Pax Exam System (Version: 4.9.1) created.
10:15:09.143 [main] INFO  o.o.pax.exam.junit.impl.ProbeRunner - creating PaxExam runner for class ch.sourcepond.utils.bci.WeavingHookTest
10:15:09.198 [main] INFO  o.o.pax.exam.junit.impl.ProbeRunner - running test class ch.sourcepond.utils.bci.WeavingHookTest
10:15:11.161 [main] INFO  o.o.p.e.spi.reactors.ReactorManager - suite finished
10:21:13.070 [main] INFO  o.o.pax.exam.spi.DefaultExamSystem - Pax Exam System (Version: 4.9.1) created.
10:21:13.109 [main] INFO  o.o.pax.exam.junit.impl.ProbeRunner - creating PaxExam runner for class ch.sourcepond.utils.bci.WeavingHookTest
10:21:13.151 [main] INFO  o.o.pax.exam.junit.impl.ProbeRunner - running test class ch.sourcepond.utils.bci.WeavingHookTest
10:21:15.536 [main] INFO  o.o.p.e.spi.reactors.ReactorManager - suite finished
19:59:53.738 [main] INFO  o.o.pax.exam.spi.DefaultExamSystem - Pax Exam System (Version: 4.9.1) created.
19:59:53.771 [main] INFO  o.o.pax.exam.junit.impl.ProbeRunner - creating PaxExam runner for class ch.sourcepond.utils.bci.WeavingHookTest
19:59:53.815 [main] INFO  o.o.pax.exam.junit.impl.ProbeRunner - running test class ch.sourcepond.utils.bci.WeavingHookTest
19:59:57.447 [main] INFO  o.o.p.e.spi.reactors.ReactorManager - suite finished
20:15:12.200 [main] INFO  o.o.pax.exam.spi.DefaultExamSystem - Pax Exam System (Version: 4.9.1) created.
20:15:12.242 [main] INFO  o.o.pax.exam.junit.impl.ProbeRunner - creating PaxExam runner for class ch.sourcepond.utils.bci.WeavingHookTest
20:15:12.282 [main] INFO  o.o.pax.exam.junit.impl.ProbeRunner - running test class ch.sourcepond.utils.bci.WeavingHookTest
20:15:13.683 [main] INFO  o.o.p.e.spi.reactors.ReactorManager - suite finished
21:50:51.923 [main] INFO  o.o.pax.exam.spi.DefaultExamSystem - Pax Exam System (Version: 4.9.1) created.
21:50:51.956 [main] INFO  o.o.pax.exam.junit.impl.ProbeRunner - creating PaxExam runner for class ch.sourcepond.utils.bci.WeavingHookTest
22:16:23.911 [main] INFO  o.o.pax.exam.spi.DefaultExamSystem - Pax Exam System (Version: 4.9.2) created.
22:16:23.954 [main] INFO  o.o.pax.exam.junit.impl.ProbeRunner - creating PaxExam runner for class ch.sourcepond.utils.bci.WeavingHookTest
22:17:26.125 [main] INFO  o.o.pax.exam.spi.DefaultExamSystem - Pax Exam System (Version: 4.9.2) created.
22:17:26.156 [main] INFO  o.o.pax.exam.junit.impl.ProbeRunner - creating PaxExam runner for class ch.sourcepond.utils.bci.WeavingHookTest
22:18:07.296 [main] INFO  o.o.pax.exam.spi.DefaultExamSystem - Pax Exam System (Version: 4.9.2) created.
22:18:07.346 [main] INFO  o.o.pax.exam.junit.impl.ProbeRunner - creating PaxExam runner for class ch.sourcepond.utils.bci.WeavingHookTest
22:18:07.392 [main] INFO  o.o.pax.exam.junit.impl.ProbeRunner - running test class ch.sourcepond.utils.bci.WeavingHookTest
22:18:09.353 [FelixDispatchQueue] ERROR o.o.p.e.n.i.NativeTestContainer - Framework ERROR event org.osgi.framework.FrameworkEvent[source=ch.sourcepond.utils.podescoin-impl [13]]
org.osgi.framework.BundleException: Unable to resolve ch.sourcepond.utils.podescoin-impl [13](R 13.0): missing requirement [ch.sourcepond.utils.podescoin-impl [13](R 13.0)] osgi.wiring.package; (&(osgi.wiring.package=org.objectweb.asm)(version>=5.1.0)(!(version>=6.0.0))) Unresolved requirements: [[ch.sourcepond.utils.podescoin-impl [13](R 13.0)] osgi.wiring.package; (&(osgi.wiring.package=org.objectweb.asm)(version>=5.1.0)(!(version>=6.0.0)))]
	at org.apache.felix.framework.Felix.resolveBundleRevision(Felix.java:4112)
	at org.apache.felix.framework.Felix.startBundle(Felix.java:2118)
	at org.apache.felix.framework.Felix.setActiveStartLevel(Felix.java:1372)
	at org.apache.felix.framework.FrameworkStartLevelImpl.run(FrameworkStartLevelImpl.java:308)
	at java.lang.Thread.run(Thread.java:745)
22:18:09.478 [main] ERROR o.o.p.e.n.i.NativeTestContainer - Bundle [ch.sourcepond.utils.podescoin-impl [13]] is not resolved
22:18:09.484 [main] INFO  o.o.p.e.spi.reactors.ReactorManager - suite finished
22:19:09.140 [main] INFO  o.o.pax.exam.spi.DefaultExamSystem - Pax Exam System (Version: 4.9.2) created.
22:19:09.192 [main] INFO  o.o.pax.exam.junit.impl.ProbeRunner - creating PaxExam runner for class ch.sourcepond.utils.bci.WeavingHookTest
22:19:09.243 [main] INFO  o.o.pax.exam.junit.impl.ProbeRunner - running test class ch.sourcepond.utils.bci.WeavingHookTest
22:19:10.271 [FelixDispatchQueue] ERROR o.o.p.e.n.i.NativeTestContainer - Framework ERROR event org.osgi.framework.FrameworkEvent[source=org.apache.aries.proxy.impl [19]]
java.lang.NoClassDefFoundError: org/objectweb/asm/commons/SerialVersionUIDAdder
	at java.lang.ClassLoader.defineClass1(Native Method)
	at java.lang.ClassLoader.defineClass(ClassLoader.java:763)
	at org.apache.felix.framework.BundleWiringImpl$BundleClassLoader.defineClass(BundleWiringImpl.java:2370)
	at org.apache.felix.framework.BundleWiringImpl$BundleClassLoader.findClass(BundleWiringImpl.java:2154)
	at org.apache.felix.framework.BundleWiringImpl.findClassOrResourceByDelegation(BundleWiringImpl.java:1542)
	at org.apache.felix.framework.BundleWiringImpl.access$400(BundleWiringImpl.java:79)
	at org.apache.felix.framework.BundleWiringImpl$BundleClassLoader.loadClass(BundleWiringImpl.java:2018)
	at java.lang.ClassLoader.loadClass(ClassLoader.java:357)
	at org.apache.aries.proxy.impl.weaving.ProxyWeavingHook.weave(ProxyWeavingHook.java:104)
	at org.apache.felix.framework.util.SecureAction.invokeWeavingHook(SecureAction.java:1203)
	at org.apache.felix.framework.BundleWiringImpl$BundleClassLoader.transformClass(BundleWiringImpl.java:2425)
	at org.apache.felix.framework.BundleWiringImpl$BundleClassLoader.findClass(BundleWiringImpl.java:2112)
	at org.apache.felix.framework.BundleWiringImpl.findClassOrResourceByDelegation(BundleWiringImpl.java:1542)
	at org.apache.felix.framework.BundleWiringImpl.access$400(BundleWiringImpl.java:79)
	at org.apache.felix.framework.BundleWiringImpl$BundleClassLoader.loadClass(BundleWiringImpl.java:2018)
	at java.lang.ClassLoader.loadClass(ClassLoader.java:357)
	at org.apache.felix.framework.BundleWiringImpl.getClassByDelegation(BundleWiringImpl.java:1415)
	at org.apache.felix.framework.Felix.createBundleActivator(Felix.java:4469)
	at org.apache.felix.framework.Felix.activateBundle(Felix.java:2222)
	at org.apache.felix.framework.Felix.startBundle(Felix.java:2145)
	at org.apache.felix.framework.Felix.setActiveStartLevel(Felix.java:1372)
	at org.apache.felix.framework.FrameworkStartLevelImpl.run(FrameworkStartLevelImpl.java:308)
	at java.lang.Thread.run(Thread.java:745)
Caused by: java.lang.ClassNotFoundException: org.objectweb.asm.commons.SerialVersionUIDAdder not found by org.apache.aries.proxy.impl [19]
	at org.apache.felix.framework.BundleWiringImpl.findClassOrResourceByDelegation(BundleWiringImpl.java:1574)
	at org.apache.felix.framework.BundleWiringImpl.access$400(BundleWiringImpl.java:79)
	at org.apache.felix.framework.BundleWiringImpl$BundleClassLoader.loadClass(BundleWiringImpl.java:2018)
	at java.lang.ClassLoader.loadClass(ClassLoader.java:357)
	... 23 common frames omitted
22:19:10.272 [FelixDispatchQueue] ERROR o.o.p.e.n.i.NativeTestContainer - Framework ERROR event org.osgi.framework.FrameworkEvent[source=org.apache.aries.blueprint.core [20]]
org.osgi.framework.BundleException: Activator start error in bundle org.apache.aries.blueprint.core [20].
	at org.apache.felix.framework.Felix.activateBundle(Felix.java:2277)
	at org.apache.felix.framework.Felix.startBundle(Felix.java:2145)
	at org.apache.felix.framework.Felix.setActiveStartLevel(Felix.java:1372)
	at org.apache.felix.framework.FrameworkStartLevelImpl.run(FrameworkStartLevelImpl.java:308)
	at java.lang.Thread.run(Thread.java:745)
Caused by: java.lang.ClassFormatError: Weaving hook failed.
	at org.apache.felix.framework.BundleWiringImpl$BundleClassLoader.transformClass(BundleWiringImpl.java:2439)
	at org.apache.felix.framework.BundleWiringImpl$BundleClassLoader.findClass(BundleWiringImpl.java:2112)
	at org.apache.felix.framework.BundleWiringImpl.findClassOrResourceByDelegation(BundleWiringImpl.java:1542)
	at org.apache.felix.framework.BundleWiringImpl.access$400(BundleWiringImpl.java:79)
	at org.apache.felix.framework.BundleWiringImpl$BundleClassLoader.loadClass(BundleWiringImpl.java:2018)
	at java.lang.ClassLoader.loadClass(ClassLoader.java:357)
	at org.apache.felix.framework.BundleWiringImpl.getClassByDelegation(BundleWiringImpl.java:1415)
	at org.apache.felix.framework.Felix.createBundleActivator(Felix.java:4469)
	at org.apache.felix.framework.Felix.activateBundle(Felix.java:2222)
	... 4 common frames omitted
Caused by: java.lang.NoClassDefFoundError: org/objectweb/asm/commons/SerialVersionUIDAdder
	at java.lang.ClassLoader.defineClass1(Native Method)
	at java.lang.ClassLoader.defineClass(ClassLoader.java:763)
	at org.apache.felix.framework.BundleWiringImpl$BundleClassLoader.defineClass(BundleWiringImpl.java:2370)
	at org.apache.felix.framework.BundleWiringImpl$BundleClassLoader.findClass(BundleWiringImpl.java:2154)
	at org.apache.felix.framework.BundleWiringImpl.findClassOrResourceByDelegation(BundleWiringImpl.java:1542)
	at org.apache.felix.framework.BundleWiringImpl.access$400(BundleWiringImpl.java:79)
	at org.apache.felix.framework.BundleWiringImpl$BundleClassLoader.loadClass(BundleWiringImpl.java:2018)
	at java.lang.ClassLoader.loadClass(ClassLoader.java:357)
	at org.apache.aries.proxy.impl.weaving.ProxyWeavingHook.weave(ProxyWeavingHook.java:104)
	at org.apache.felix.framework.util.SecureAction.invokeWeavingHook(SecureAction.java:1203)
	at org.apache.felix.framework.BundleWiringImpl$BundleClassLoader.transformClass(BundleWiringImpl.java:2425)
	... 12 common frames omitted
Caused by: java.lang.ClassNotFoundException: org.objectweb.asm.commons.SerialVersionUIDAdder not found by org.apache.aries.proxy.impl [19]
	at org.apache.felix.framework.BundleWiringImpl.findClassOrResourceByDelegation(BundleWiringImpl.java:1574)
	at org.apache.felix.framework.BundleWiringImpl.access$400(BundleWiringImpl.java:79)
	at org.apache.felix.framework.BundleWiringImpl$BundleClassLoader.loadClass(BundleWiringImpl.java:2018)
	at java.lang.ClassLoader.loadClass(ClassLoader.java:357)
	... 23 common frames omitted
22:19:20.401 [main] INFO  o.o.p.e.spi.reactors.ReactorManager - suite finished
22:21:26.199 [main] INFO  o.o.pax.exam.spi.DefaultExamSystem - Pax Exam System (Version: 4.9.2) created.
22:21:26.256 [main] INFO  o.o.pax.exam.junit.impl.ProbeRunner - creating PaxExam runner for class ch.sourcepond.utils.bci.WeavingHookTest
22:21:26.317 [main] INFO  o.o.pax.exam.junit.impl.ProbeRunner - running test class ch.sourcepond.utils.bci.WeavingHookTest
22:21:27.621 [FelixDispatchQueue] ERROR o.o.p.e.n.i.NativeTestContainer - Framework ERROR event org.osgi.framework.FrameworkEvent[source=ch.sourcepond.utils.podescoin-impl [14]]
org.osgi.framework.BundleException: Unable to resolve ch.sourcepond.utils.podescoin-impl [14](R 14.0): missing requirement [ch.sourcepond.utils.podescoin-impl [14](R 14.0)] osgi.wiring.package; (&(osgi.wiring.package=org.objectweb.asm.commons)(version>=5.1.0)(!(version>=6.0.0))) Unresolved requirements: [[ch.sourcepond.utils.podescoin-impl [14](R 14.0)] osgi.wiring.package; (&(osgi.wiring.package=org.objectweb.asm.commons)(version>=5.1.0)(!(version>=6.0.0)))]
	at org.apache.felix.framework.Felix.resolveBundleRevision(Felix.java:4112)
	at org.apache.felix.framework.Felix.startBundle(Felix.java:2118)
	at org.apache.felix.framework.Felix.setActiveStartLevel(Felix.java:1372)
	at org.apache.felix.framework.FrameworkStartLevelImpl.run(FrameworkStartLevelImpl.java:308)
	at java.lang.Thread.run(Thread.java:745)
22:21:27.646 [FelixDispatchQueue] ERROR o.o.p.e.n.i.NativeTestContainer - Framework ERROR event org.osgi.framework.FrameworkEvent[source=org.apache.aries.proxy.impl [19]]
java.lang.NoClassDefFoundError: org/objectweb/asm/commons/SerialVersionUIDAdder
	at java.lang.ClassLoader.defineClass1(Native Method)
	at java.lang.ClassLoader.defineClass(ClassLoader.java:763)
	at org.apache.felix.framework.BundleWiringImpl$BundleClassLoader.defineClass(BundleWiringImpl.java:2370)
	at org.apache.felix.framework.BundleWiringImpl$BundleClassLoader.findClass(BundleWiringImpl.java:2154)
	at org.apache.felix.framework.BundleWiringImpl.findClassOrResourceByDelegation(BundleWiringImpl.java:1542)
	at org.apache.felix.framework.BundleWiringImpl.access$400(BundleWiringImpl.java:79)
	at org.apache.felix.framework.BundleWiringImpl$BundleClassLoader.loadClass(BundleWiringImpl.java:2018)
	at java.lang.ClassLoader.loadClass(ClassLoader.java:357)
	at org.apache.aries.proxy.impl.weaving.ProxyWeavingHook.weave(ProxyWeavingHook.java:104)
	at org.apache.felix.framework.util.SecureAction.invokeWeavingHook(SecureAction.java:1203)
	at org.apache.felix.framework.BundleWiringImpl$BundleClassLoader.transformClass(BundleWiringImpl.java:2425)
	at org.apache.felix.framework.BundleWiringImpl$BundleClassLoader.findClass(BundleWiringImpl.java:2112)
	at org.apache.felix.framework.BundleWiringImpl.findClassOrResourceByDelegation(BundleWiringImpl.java:1542)
	at org.apache.felix.framework.BundleWiringImpl.access$400(BundleWiringImpl.java:79)
	at org.apache.felix.framework.BundleWiringImpl$BundleClassLoader.loadClass(BundleWiringImpl.java:2018)
	at java.lang.ClassLoader.loadClass(ClassLoader.java:357)
	at org.apache.felix.framework.BundleWiringImpl.getClassByDelegation(BundleWiringImpl.java:1415)
	at org.apache.felix.framework.Felix.createBundleActivator(Felix.java:4469)
	at org.apache.felix.framework.Felix.activateBundle(Felix.java:2222)
	at org.apache.felix.framework.Felix.startBundle(Felix.java:2145)
	at org.apache.felix.framework.Felix.setActiveStartLevel(Felix.java:1372)
	at org.apache.felix.framework.FrameworkStartLevelImpl.run(FrameworkStartLevelImpl.java:308)
	at java.lang.Thread.run(Thread.java:745)
Caused by: java.lang.ClassNotFoundException: org.objectweb.asm.commons.SerialVersionUIDAdder not found by org.apache.aries.proxy.impl [19]
	at org.apache.felix.framework.BundleWiringImpl.findClassOrResourceByDelegation(BundleWiringImpl.java:1574)
	at org.apache.felix.framework.BundleWiringImpl.access$400(BundleWiringImpl.java:79)
	at org.apache.felix.framework.BundleWiringImpl$BundleClassLoader.loadClass(BundleWiringImpl.java:2018)
	at java.lang.ClassLoader.loadClass(ClassLoader.java:357)
	... 23 common frames omitted
22:21:27.646 [FelixDispatchQueue] ERROR o.o.p.e.n.i.NativeTestContainer - Framework ERROR event org.osgi.framework.FrameworkEvent[source=org.apache.aries.blueprint.core [20]]
org.osgi.framework.BundleException: Activator start error in bundle org.apache.aries.blueprint.core [20].
	at org.apache.felix.framework.Felix.activateBundle(Felix.java:2277)
	at org.apache.felix.framework.Felix.startBundle(Felix.java:2145)
	at org.apache.felix.framework.Felix.setActiveStartLevel(Felix.java:1372)
	at org.apache.felix.framework.FrameworkStartLevelImpl.run(FrameworkStartLevelImpl.java:308)
	at java.lang.Thread.run(Thread.java:745)
Caused by: java.lang.ClassFormatError: Weaving hook failed.
	at org.apache.felix.framework.BundleWiringImpl$BundleClassLoader.transformClass(BundleWiringImpl.java:2439)
	at org.apache.felix.framework.BundleWiringImpl$BundleClassLoader.findClass(BundleWiringImpl.java:2112)
	at org.apache.felix.framework.BundleWiringImpl.findClassOrResourceByDelegation(BundleWiringImpl.java:1542)
	at org.apache.felix.framework.BundleWiringImpl.access$400(BundleWiringImpl.java:79)
	at org.apache.felix.framework.BundleWiringImpl$BundleClassLoader.loadClass(BundleWiringImpl.java:2018)
	at java.lang.ClassLoader.loadClass(ClassLoader.java:357)
	at org.apache.felix.framework.BundleWiringImpl.getClassByDelegation(BundleWiringImpl.java:1415)
	at org.apache.felix.framework.Felix.createBundleActivator(Felix.java:4469)
	at org.apache.felix.framework.Felix.activateBundle(Felix.java:2222)
	... 4 common frames omitted
Caused by: java.lang.NoClassDefFoundError: org/objectweb/asm/commons/SerialVersionUIDAdder
	at java.lang.ClassLoader.defineClass1(Native Method)
	at java.lang.ClassLoader.defineClass(ClassLoader.java:763)
	at org.apache.felix.framework.BundleWiringImpl$BundleClassLoader.defineClass(BundleWiringImpl.java:2370)
	at org.apache.felix.framework.BundleWiringImpl$BundleClassLoader.findClass(BundleWiringImpl.java:2154)
	at org.apache.felix.framework.BundleWiringImpl.findClassOrResourceByDelegation(BundleWiringImpl.java:1542)
	at org.apache.felix.framework.BundleWiringImpl.access$400(BundleWiringImpl.java:79)
	at org.apache.felix.framework.BundleWiringImpl$BundleClassLoader.loadClass(BundleWiringImpl.java:2018)
	at java.lang.ClassLoader.loadClass(ClassLoader.java:357)
	at org.apache.aries.proxy.impl.weaving.ProxyWeavingHook.weave(ProxyWeavingHook.java:104)
	at org.apache.felix.framework.util.SecureAction.invokeWeavingHook(SecureAction.java:1203)
	at org.apache.felix.framework.BundleWiringImpl$BundleClassLoader.transformClass(BundleWiringImpl.java:2425)
	... 12 common frames omitted
Caused by: java.lang.ClassNotFoundException: org.objectweb.asm.commons.SerialVersionUIDAdder not found by org.apache.aries.proxy.impl [19]
	at org.apache.felix.framework.BundleWiringImpl.findClassOrResourceByDelegation(BundleWiringImpl.java:1574)
	at org.apache.felix.framework.BundleWiringImpl.access$400(BundleWiringImpl.java:79)
	at org.apache.felix.framework.BundleWiringImpl$BundleClassLoader.loadClass(BundleWiringImpl.java:2018)
	at java.lang.ClassLoader.loadClass(ClassLoader.java:357)
	... 23 common frames omitted
22:21:27.655 [main] ERROR o.o.p.e.n.i.NativeTestContainer - Bundle [ch.sourcepond.utils.podescoin-impl [14]] is not resolved
22:21:27.660 [main] INFO  o.o.p.e.spi.reactors.ReactorManager - suite finished
22:24:34.744 [main] INFO  o.o.pax.exam.spi.DefaultExamSystem - Pax Exam System (Version: 4.9.2) created.
22:24:34.791 [main] INFO  o.o.pax.exam.junit.impl.ProbeRunner - creating PaxExam runner for class ch.sourcepond.utils.bci.WeavingHookTest
22:24:34.827 [main] INFO  o.o.pax.exam.junit.impl.ProbeRunner - running test class ch.sourcepond.utils.bci.WeavingHookTest
22:24:36.307 [main] INFO  o.o.p.e.spi.reactors.ReactorManager - suite finished
22:25:41.177 [main] INFO  o.o.pax.exam.spi.DefaultExamSystem - Pax Exam System (Version: 4.9.2) created.
22:25:41.218 [main] INFO  o.o.pax.exam.junit.impl.ProbeRunner - creating PaxExam runner for class ch.sourcepond.utils.bci.WeavingHookTest
22:25:41.269 [main] INFO  o.o.pax.exam.junit.impl.ProbeRunner - running test class ch.sourcepond.utils.bci.WeavingHookTest
22:25:42.854 [main] INFO  o.o.p.e.spi.reactors.ReactorManager - suite finished
22:30:10.348 [main] INFO  o.o.pax.exam.spi.DefaultExamSystem - Pax Exam System (Version: 4.9.2) created.
22:30:10.391 [main] INFO  o.o.pax.exam.junit.impl.ProbeRunner - creating PaxExam runner for class ch.sourcepond.utils.bci.WeavingHookTest
22:30:10.438 [main] INFO  o.o.pax.exam.junit.impl.ProbeRunner - running test class ch.sourcepond.utils.bci.WeavingHookTest
22:30:11.883 [main] INFO  o.o.p.e.spi.reactors.ReactorManager - suite finished
